<?xml version="1.0" encoding="UTF-8"?>
<!-- Generated by org.testng.reporters.JUnitXMLReporter -->
<testsuite ignored="0" hostname="HP-Pavillion-Harshal" failures="1" tests="1" name="Test" time="18.233" errors="0" timestamp="2025-06-30T16:51:07 IST">
  <testcase classname="testCases.TC002_VerifyAccountLoginTest" name="verify_login_account" time="11.486">
    <failure type="java.lang.AssertionError" message="expected [true] but found [false]">
      <![CDATA[java.lang.AssertionError: expected [true] but found [false]
at testCases.TC002_VerifyAccountLoginTest.verify_login_account(TC002_VerifyAccountLoginTest.java:27)
at java.base/java.util.ArrayList.forEach(ArrayList.java:1596)
... Removed 32 stack frames]]>
    </failure>
  </testcase> <!-- verify_login_account -->
</testsuite> <!-- Test -->
