<?xml version="1.0" encoding="UTF-8"?>
<testng-results ignored="0" total="4" passed="2" failed="2" skipped="0">
  <reporter-output>
  </reporter-output>
  <suite started-at="2025-06-28T19:45:11 IST" name="Suite" finished-at="2025-06-28T19:46:04 IST" duration-ms="53554">
    <groups>
      <group name="Master">
        <method signature="TC001_VerifyAccountRegistrationTest.verify_account_Registration()[pri:0, instance:testCases.TC001_VerifyAccountRegistrationTest@5cdd09b1]" name="verify_account_Registration" class="testCases.TC001_VerifyAccountRegistrationTest"/>
        <method signature="TC002_VerifyAccountLoginTest.verify_login_account()[pri:0, instance:testCases.TC002_VerifyAccountLoginTest@4cf8b2dc]" name="verify_login_account" class="testCases.TC002_VerifyAccountLoginTest"/>
        <method signature="TC001_VerifyAccountRegistrationTest.verify_account_Registration()[pri:0, instance:testCases.TC001_VerifyAccountRegistrationTest@aafcffa]" name="verify_account_Registration" class="testCases.TC001_VerifyAccountRegistrationTest"/>
        <method signature="TC002_VerifyAccountLoginTest.verify_login_account()[pri:0, instance:testCases.TC002_VerifyAccountLoginTest@6955cb39]" name="verify_login_account" class="testCases.TC002_VerifyAccountLoginTest"/>
      </group> <!-- Master -->
      <group name="Sanity">
        <method signature="TC001_VerifyAccountRegistrationTest.verify_account_Registration()[pri:0, instance:testCases.TC001_VerifyAccountRegistrationTest@5cdd09b1]" name="verify_account_Registration" class="testCases.TC001_VerifyAccountRegistrationTest"/>
        <method signature="TC001_VerifyAccountRegistrationTest.verify_account_Registration()[pri:0, instance:testCases.TC001_VerifyAccountRegistrationTest@aafcffa]" name="verify_account_Registration" class="testCases.TC001_VerifyAccountRegistrationTest"/>
      </group> <!-- Sanity -->
      <group name="Regression">
        <method signature="TC002_VerifyAccountLoginTest.verify_login_account()[pri:0, instance:testCases.TC002_VerifyAccountLoginTest@4cf8b2dc]" name="verify_login_account" class="testCases.TC002_VerifyAccountLoginTest"/>
        <method signature="TC002_VerifyAccountLoginTest.verify_login_account()[pri:0, instance:testCases.TC002_VerifyAccountLoginTest@6955cb39]" name="verify_login_account" class="testCases.TC002_VerifyAccountLoginTest"/>
      </group> <!-- Regression -->
    </groups>
    <test started-at="2025-06-28T19:45:11 IST" name="Linux-Chrome" finished-at="2025-06-28T19:45:35 IST" duration-ms="24518">
      <class name="testCases.TC002_VerifyAccountLoginTest">
        <test-method is-config="true" signature="setup(java.lang.String,java.lang.String)[pri:0, instance:testCases.TC002_VerifyAccountLoginTest@4cf8b2dc]" started-at="2025-06-28T19:45:19 IST" name="setup" finished-at="2025-06-28T19:45:24 IST" duration-ms="4501" status="PASS">
          <params>
            <param index="0">
              <value>
                <![CDATA[Linux]]>
              </value>
            </param>
            <param index="1">
              <value>
                <![CDATA[chrome]]>
              </value>
            </param>
          </params>
          <reporter-output>
          </reporter-output>
        </test-method> <!-- setup -->
        <test-method signature="verify_login_account()[pri:0, instance:testCases.TC002_VerifyAccountLoginTest@4cf8b2dc]" started-at="2025-06-28T19:45:24 IST" name="verify_login_account" finished-at="2025-06-28T19:45:35 IST" duration-ms="11046" status="FAIL">
          <exception class="java.lang.AssertionError">
            <message>
              <![CDATA[expected [true] but found [false]]]>
            </message>
            <full-stacktrace>
              <![CDATA[java.lang.AssertionError: expected [true] but found [false]
at org.testng.Assert.fail(Assert.java:111)
at org.testng.Assert.failNotEquals(Assert.java:1590)
at org.testng.Assert.assertEqualsImpl(Assert.java:150)
at org.testng.Assert.assertEquals(Assert.java:132)
at org.testng.Assert.assertEquals(Assert.java:1079)
at org.testng.Assert.assertEquals(Assert.java:1043)
at org.testng.Assert.assertEquals(Assert.java:1089)
at testCases.TC002_VerifyAccountLoginTest.verify_login_account(TC002_VerifyAccountLoginTest.java:27)
at java.base/jdk.internal.reflect.DirectMethodHandleAccessor.invoke(DirectMethodHandleAccessor.java:103)
at java.base/java.lang.reflect.Method.invoke(Method.java:580)
at org.testng.internal.invokers.MethodInvocationHelper.invokeMethod(MethodInvocationHelper.java:141)
at org.testng.internal.invokers.TestInvoker.invokeMethod(TestInvoker.java:687)
at org.testng.internal.invokers.TestInvoker.invokeTestMethod(TestInvoker.java:230)
at org.testng.internal.invokers.MethodRunner.runInSequence(MethodRunner.java:63)
at org.testng.internal.invokers.TestInvoker$MethodInvocationAgent.invoke(TestInvoker.java:995)
at org.testng.internal.invokers.TestInvoker.invokeTestMethods(TestInvoker.java:203)
at org.testng.internal.invokers.TestMethodWorker.invokeTestMethods(TestMethodWorker.java:154)
at org.testng.internal.invokers.TestMethodWorker.run(TestMethodWorker.java:134)
at java.base/java.util.ArrayList.forEach(ArrayList.java:1596)
at org.testng.TestRunner.privateRun(TestRunner.java:741)
at org.testng.TestRunner.run(TestRunner.java:616)
at org.testng.SuiteRunner.runTest(SuiteRunner.java:421)
at org.testng.SuiteRunner.runSequentially(SuiteRunner.java:413)
at org.testng.SuiteRunner.privateRun(SuiteRunner.java:373)
at org.testng.SuiteRunner.run(SuiteRunner.java:312)
at org.testng.SuiteRunnerWorker.runSuite(SuiteRunnerWorker.java:52)
at org.testng.SuiteRunnerWorker.run(SuiteRunnerWorker.java:95)
at org.testng.TestNG.runSuitesSequentially(TestNG.java:1274)
at org.testng.TestNG.runSuitesLocally(TestNG.java:1208)
at org.testng.TestNG.runSuites(TestNG.java:1112)
at org.testng.TestNG.run(TestNG.java:1079)
at org.testng.remote.AbstractRemoteTestNG.run(AbstractRemoteTestNG.java:115)
at org.testng.remote.RemoteTestNG.initAndRun(RemoteTestNG.java:293)
at org.testng.remote.RemoteTestNG.main(RemoteTestNG.java:91)
]]>
            </full-stacktrace>
          </exception> <!-- java.lang.AssertionError -->
          <reporter-output>
          </reporter-output>
        </test-method> <!-- verify_login_account -->
        <test-method is-config="true" signature="tearDown()[pri:0, instance:testCases.TC002_VerifyAccountLoginTest@4cf8b2dc]" started-at="2025-06-28T19:45:35 IST" name="tearDown" finished-at="2025-06-28T19:45:35 IST" duration-ms="111" status="PASS">
          <reporter-output>
          </reporter-output>
        </test-method> <!-- tearDown -->
      </class> <!-- testCases.TC002_VerifyAccountLoginTest -->
      <class name="testCases.TC001_VerifyAccountRegistrationTest">
        <test-method is-config="true" signature="setup(java.lang.String,java.lang.String)[pri:0, instance:testCases.TC001_VerifyAccountRegistrationTest@5cdd09b1]" started-at="2025-06-28T19:45:11 IST" name="setup" finished-at="2025-06-28T19:45:17 IST" duration-ms="6294" status="PASS">
          <params>
            <param index="0">
              <value>
                <![CDATA[Linux]]>
              </value>
            </param>
            <param index="1">
              <value>
                <![CDATA[chrome]]>
              </value>
            </param>
          </params>
          <reporter-output>
          </reporter-output>
        </test-method> <!-- setup -->
        <test-method signature="verify_account_Registration()[pri:0, instance:testCases.TC001_VerifyAccountRegistrationTest@5cdd09b1]" started-at="2025-06-28T19:45:17 IST" name="verify_account_Registration" finished-at="2025-06-28T19:45:19 IST" duration-ms="1774" status="PASS">
          <reporter-output>
          </reporter-output>
        </test-method> <!-- verify_account_Registration -->
        <test-method is-config="true" signature="tearDown()[pri:0, instance:testCases.TC001_VerifyAccountRegistrationTest@5cdd09b1]" started-at="2025-06-28T19:45:19 IST" name="tearDown" finished-at="2025-06-28T19:45:19 IST" duration-ms="372" status="PASS">
          <reporter-output>
          </reporter-output>
        </test-method> <!-- tearDown -->
      </class> <!-- testCases.TC001_VerifyAccountRegistrationTest -->
    </test> <!-- Linux-Chrome -->
    <test started-at="2025-06-28T19:45:37 IST" name="Linux-Firefox" finished-at="2025-06-28T19:46:04 IST" duration-ms="27653">
      <class name="testCases.TC002_VerifyAccountLoginTest">
        <test-method is-config="true" signature="setup(java.lang.String,java.lang.String)[pri:0, instance:testCases.TC002_VerifyAccountLoginTest@6955cb39]" started-at="2025-06-28T19:45:46 IST" name="setup" finished-at="2025-06-28T19:45:51 IST" duration-ms="5108" status="PASS">
          <params>
            <param index="0">
              <value>
                <![CDATA[Linux]]>
              </value>
            </param>
            <param index="1">
              <value>
                <![CDATA[firefox]]>
              </value>
            </param>
          </params>
          <reporter-output>
          </reporter-output>
        </test-method> <!-- setup -->
        <test-method signature="verify_login_account()[pri:0, instance:testCases.TC002_VerifyAccountLoginTest@6955cb39]" started-at="2025-06-28T19:45:51 IST" name="verify_login_account" finished-at="2025-06-28T19:46:03 IST" duration-ms="12068" status="FAIL">
          <exception class="java.lang.AssertionError">
            <message>
              <![CDATA[expected [true] but found [false]]]>
            </message>
            <full-stacktrace>
              <![CDATA[java.lang.AssertionError: expected [true] but found [false]
at org.testng.Assert.fail(Assert.java:111)
at org.testng.Assert.failNotEquals(Assert.java:1590)
at org.testng.Assert.assertEqualsImpl(Assert.java:150)
at org.testng.Assert.assertEquals(Assert.java:132)
at org.testng.Assert.assertEquals(Assert.java:1079)
at org.testng.Assert.assertEquals(Assert.java:1043)
at org.testng.Assert.assertEquals(Assert.java:1089)
at testCases.TC002_VerifyAccountLoginTest.verify_login_account(TC002_VerifyAccountLoginTest.java:27)
at java.base/jdk.internal.reflect.DirectMethodHandleAccessor.invoke(DirectMethodHandleAccessor.java:103)
at java.base/java.lang.reflect.Method.invoke(Method.java:580)
at org.testng.internal.invokers.MethodInvocationHelper.invokeMethod(MethodInvocationHelper.java:141)
at org.testng.internal.invokers.TestInvoker.invokeMethod(TestInvoker.java:687)
at org.testng.internal.invokers.TestInvoker.invokeTestMethod(TestInvoker.java:230)
at org.testng.internal.invokers.MethodRunner.runInSequence(MethodRunner.java:63)
at org.testng.internal.invokers.TestInvoker$MethodInvocationAgent.invoke(TestInvoker.java:995)
at org.testng.internal.invokers.TestInvoker.invokeTestMethods(TestInvoker.java:203)
at org.testng.internal.invokers.TestMethodWorker.invokeTestMethods(TestMethodWorker.java:154)
at org.testng.internal.invokers.TestMethodWorker.run(TestMethodWorker.java:134)
at java.base/java.util.ArrayList.forEach(ArrayList.java:1596)
at org.testng.TestRunner.privateRun(TestRunner.java:741)
at org.testng.TestRunner.run(TestRunner.java:616)
at org.testng.SuiteRunner.runTest(SuiteRunner.java:421)
at org.testng.SuiteRunner.runSequentially(SuiteRunner.java:413)
at org.testng.SuiteRunner.privateRun(SuiteRunner.java:373)
at org.testng.SuiteRunner.run(SuiteRunner.java:312)
at org.testng.SuiteRunnerWorker.runSuite(SuiteRunnerWorker.java:52)
at org.testng.SuiteRunnerWorker.run(SuiteRunnerWorker.java:95)
at org.testng.TestNG.runSuitesSequentially(TestNG.java:1274)
at org.testng.TestNG.runSuitesLocally(TestNG.java:1208)
at org.testng.TestNG.runSuites(TestNG.java:1112)
at org.testng.TestNG.run(TestNG.java:1079)
at org.testng.remote.AbstractRemoteTestNG.run(AbstractRemoteTestNG.java:115)
at org.testng.remote.RemoteTestNG.initAndRun(RemoteTestNG.java:293)
at org.testng.remote.RemoteTestNG.main(RemoteTestNG.java:91)
]]>
            </full-stacktrace>
          </exception> <!-- java.lang.AssertionError -->
          <reporter-output>
          </reporter-output>
        </test-method> <!-- verify_login_account -->
        <test-method is-config="true" signature="tearDown()[pri:0, instance:testCases.TC002_VerifyAccountLoginTest@6955cb39]" started-at="2025-06-28T19:46:04 IST" name="tearDown" finished-at="2025-06-28T19:46:04 IST" duration-ms="656" status="PASS">
          <reporter-output>
          </reporter-output>
        </test-method> <!-- tearDown -->
      </class> <!-- testCases.TC002_VerifyAccountLoginTest -->
      <class name="testCases.TC001_VerifyAccountRegistrationTest">
        <test-method is-config="true" signature="setup(java.lang.String,java.lang.String)[pri:0, instance:testCases.TC001_VerifyAccountRegistrationTest@aafcffa]" started-at="2025-06-28T19:45:37 IST" name="setup" finished-at="2025-06-28T19:45:44 IST" duration-ms="7609" status="PASS">
          <params>
            <param index="0">
              <value>
                <![CDATA[Linux]]>
              </value>
            </param>
            <param index="1">
              <value>
                <![CDATA[firefox]]>
              </value>
            </param>
          </params>
          <reporter-output>
          </reporter-output>
        </test-method> <!-- setup -->
        <test-method signature="verify_account_Registration()[pri:0, instance:testCases.TC001_VerifyAccountRegistrationTest@aafcffa]" started-at="2025-06-28T19:45:44 IST" name="verify_account_Registration" finished-at="2025-06-28T19:45:46 IST" duration-ms="1364" status="PASS">
          <reporter-output>
          </reporter-output>
        </test-method> <!-- verify_account_Registration -->
        <test-method is-config="true" signature="tearDown()[pri:0, instance:testCases.TC001_VerifyAccountRegistrationTest@aafcffa]" started-at="2025-06-28T19:45:46 IST" name="tearDown" finished-at="2025-06-28T19:45:46 IST" duration-ms="766" status="PASS">
          <reporter-output>
          </reporter-output>
        </test-method> <!-- tearDown -->
      </class> <!-- testCases.TC001_VerifyAccountRegistrationTest -->
    </test> <!-- Linux-Firefox -->
  </suite> <!-- Suite -->
</testng-results>
